# JRE version: OpenJDK Runtime Environment (11.0.12+7) (build 11.0.12+7-b1504.28-7817840)
# Java VM: OpenJDK 64-Bit Server VM (11.0.12+7-b1504.28-7817840, mixed mode, tiered, compressed oops, g1 gc, windows-amd64)
Heap:
 garbage-first heap   total 411648K, used 249062K [0x0000000080000000, 0x0000000100000000)
  region size 1024K, 2 young (2048K), 2 survivors (2048K)
 Metaspace       used 90081K, capacity 92396K, committed 93816K, reserved 1130496K
  class space    used 11640K, capacity 12465K, committed 12920K, reserved 1048576K
GC Heap History (20 events):
Event: 10.634 GC heap after
{Heap after GC invocations=15 (full 0):
 garbage-first heap   total 258048K, used 88193K [0x0000000080000000, 0x0000000100000000)
  region size 1024K, 15 young (15360K), 15 survivors (15360K)
 Metaspace       used 87082K, capacity 89685K, committed 89848K, reserved 1126400K
  class space    used 11344K, capacity 12274K, committed 12280K, reserved 1048576K
}
Event: 10.927 GC heap before
{Heap before GC invocations=15 (full 0):
 garbage-first heap   total 258048K, used 196737K [0x0000000080000000, 0x0000000100000000)
  region size 1024K, 122 young (124928K), 15 survivors (15360K)
 Metaspace       used 87222K, capacity 89809K, committed 89976K, reserved 1126400K
  class space    used 11357K, capacity 12314K, committed 12408K, reserved 1048576K
}
Event: 10.939 GC heap after
{Heap after GC invocations=16 (full 0):
 garbage-first heap   total 258048K, used 94007K [0x0000000080000000, 0x0000000100000000)
  region size 1024K, 13 young (13312K), 13 survivors (13312K)
 Metaspace       used 87222K, capacity 89809K, committed 89976K, reserved 1126400K
  class space    used 11357K, capacity 12314K, committed 12408K, reserved 1048576K
}
Event: 11.127 GC heap before
{Heap before GC invocations=16 (full 0):
 garbage-first heap   total 258048K, used 166711K [0x0000000080000000, 0x0000000100000000)
  region size 1024K, 55 young (56320K), 13 survivors (13312K)
 Metaspace       used 87839K, capacity 90509K, committed 90616K, reserved 1128448K
  class space    used 11450K, capacity 12438K, committed 12536K, reserved 1048576K
}
Event: 11.137 GC heap after
{Heap after GC invocations=17 (full 0):
 garbage-first heap   total 258048K, used 127838K [0x0000000080000000, 0x0000000100000000)
  region size 1024K, 9 young (9216K), 9 survivors (9216K)
 Metaspace       used 87839K, capacity 90509K, committed 90616K, reserved 1128448K
  class space    used 11450K, capacity 12438K, committed 12536K, reserved 1048576K
}
Event: 11.349 GC heap before
{Heap before GC invocations=18 (full 0):
 garbage-first heap   total 258048K, used 156510K [0x0000000080000000, 0x0000000100000000)
  region size 1024K, 23 young (23552K), 9 survivors (9216K)
 Metaspace       used 89811K, capacity 92100K, committed 93560K, reserved 1130496K
  class space    used 11608K, capacity 12431K, committed 12920K, reserved 1048576K
}
Event: 11.357 GC heap after
{Heap after GC invocations=19 (full 0):
 garbage-first heap   total 258048K, used 146727K [0x0000000080000000, 0x0000000100000000)
  region size 1024K, 5 young (5120K), 5 survivors (5120K)
 Metaspace       used 89811K, capacity 92100K, committed 93560K, reserved 1130496K
  class space    used 11608K, capacity 12431K, committed 12920K, reserved 1048576K
}
Event: 11.395 GC heap before
{Heap before GC invocations=19 (full 0):
 garbage-first heap   total 279552K, used 277799K [0x0000000080000000, 0x0000000100000000)
  region size 1024K, 9 young (9216K), 5 survivors (5120K)
 Metaspace       used 89813K, capacity 92100K, committed 93560K, reserved 1130496K
  class space    used 11608K, capacity 12431K, committed 12920K, reserved 1048576K
}
Event: 11.399 GC heap after
{Heap after GC invocations=20 (full 0):
 garbage-first heap   total 284672K, used 194783K [0x0000000080000000, 0x0000000100000000)
  region size 1024K, 5 young (5120K), 5 survivors (5120K)
 Metaspace       used 89813K, capacity 92100K, committed 93560K, reserved 1130496K
  class space    used 11608K, capacity 12431K, committed 12920K, reserved 1048576K
}
Event: 11.525 GC heap before
{Heap before GC invocations=21 (full 0):
 garbage-first heap   total 284672K, used 213215K [0x0000000080000000, 0x0000000100000000)
  region size 1024K, 24 young (24576K), 5 survivors (5120K)
 Metaspace       used 90005K, capacity 92331K, committed 93560K, reserved 1130496K
  class space    used 11630K, capacity 12465K, committed 12920K, reserved 1048576K
}
Event: 11.533 GC heap after
{Heap after GC invocations=22 (full 0):
 garbage-first heap   total 284672K, used 203576K [0x0000000080000000, 0x0000000100000000)
  region size 1024K, 7 young (7168K), 7 survivors (7168K)
 Metaspace       used 90005K, capacity 92331K, committed 93560K, reserved 1130496K
  class space    used 11630K, capacity 12465K, committed 12920K, reserved 1048576K
}
Event: 11.708 GC heap before
{Heap before GC invocations=23 (full 0):
 garbage-first heap   total 284672K, used 234296K [0x0000000080000000, 0x0000000100000000)
  region size 1024K, 31 young (31744K), 7 survivors (7168K)
 Metaspace       used 90040K, capacity 92332K, committed 93560K, reserved 1130496K
  class space    used 11632K, capacity 12465K, committed 12920K, reserved 1048576K
}
Event: 11.738 GC heap after
{Heap after GC invocations=24 (full 0):
 garbage-first heap   total 284672K, used 213956K [0x0000000080000000, 0x0000000100000000)
  region size 1024K, 5 young (5120K), 5 survivors (5120K)
 Metaspace       used 90040K, capacity 92332K, committed 93560K, reserved 1130496K
  class space    used 11632K, capacity 12465K, committed 12920K, reserved 1048576K
}
Event: 11.838 GC heap before
{Heap before GC invocations=24 (full 0):
 garbage-first heap   total 284672K, used 239556K [0x0000000080000000, 0x0000000100000000)
  region size 1024K, 28 young (28672K), 5 survivors (5120K)
 Metaspace       used 90040K, capacity 92332K, committed 93560K, reserved 1130496K
  class space    used 11632K, capacity 12465K, committed 12920K, reserved 1048576K
}
Event: 11.854 GC heap after
{Heap after GC invocations=25 (full 0):
 garbage-first heap   total 284672K, used 226262K [0x0000000080000000, 0x0000000100000000)
  region size 1024K, 4 young (4096K), 4 survivors (4096K)
 Metaspace       used 90040K, capacity 92332K, committed 93560K, reserved 1130496K
  class space    used 11632K, capacity 12465K, committed 12920K, reserved 1048576K
}
Event: 11.925 GC heap before
{Heap before GC invocations=26 (full 0):
 garbage-first heap   total 284672K, used 242646K [0x0000000080000000, 0x0000000100000000)
  region size 1024K, 17 young (17408K), 4 survivors (4096K)
 Metaspace       used 90067K, capacity 92396K, committed 93816K, reserved 1130496K
  class space    used 11637K, capacity 12465K, committed 12920K, reserved 1048576K
}
Event: 11.939 GC heap after
{Heap after GC invocations=27 (full 0):
 garbage-first heap   total 284672K, used 237089K [0x0000000080000000, 0x0000000100000000)
  region size 1024K, 3 young (3072K), 3 survivors (3072K)
 Metaspace       used 90067K, capacity 92396K, committed 93816K, reserved 1130496K
  class space    used 11637K, capacity 12465K, committed 12920K, reserved 1048576K
}
Event: 11.979 GC heap before
{Heap before GC invocations=27 (full 0):
 garbage-first heap   total 284672K, used 250401K [0x0000000080000000, 0x0000000100000000)
  region size 1024K, 13 young (13312K), 3 survivors (3072K)
 Metaspace       used 90081K, capacity 92396K, committed 93816K, reserved 1130496K
  class space    used 11640K, capacity 12465K, committed 12920K, reserved 1048576K
}
Event: 11.989 GC heap after
{Heap after GC invocations=28 (full 0):
 garbage-first heap   total 284672K, used 243688K [0x0000000080000000, 0x0000000100000000)
  region size 1024K, 2 young (2048K), 2 survivors (2048K)
 Metaspace       used 90081K, capacity 92396K, committed 93816K, reserved 1130496K
  class space    used 11640K, capacity 12465K, committed 12920K, reserved 1048576K
}
Event: 12.034 GC heap before
{Heap before GC invocations=28 (full 0):
 garbage-first heap   total 284672K, used 254952K [0x0000000080000000, 0x0000000100000000)
  region size 1024K, 13 young (13312K), 2 survivors (2048K)
 Metaspace       used 90081K, capacity 92396K, committed 93816K, reserved 1130496K
  class space    used 11640K, capacity 12465K, committed 12920K, reserved 1048576K
}

