# JRE version: OpenJDK Runtime Environment (11.0.12+7) (build 11.0.12+7-b1504.28-7817840)
# Java VM: OpenJDK 64-Bit Server VM (11.0.12+7-b1504.28-7817840, mixed mode, tiered, compressed oops, g1 gc, windows-amd64)
Heap:
 garbage-first heap   total 258048K, used 146498K [0x0000000080000000, 0x0000000100000000)
  region size 1024K, 125 young (128000K), 6 survivors (6144K)
 Metaspace       used 45131K, capacity 46253K, committed 46464K, reserved 1089536K
  class space    used 5815K, capacity 6205K, committed 6272K, reserved 1048576K
GC Heap History (8 events):
Event: 0.601 GC heap before
{Heap before GC invocations=0 (full 0):
 garbage-first heap   total 258048K, used 30720K [0x0000000080000000, 0x0000000100000000)
  region size 1024K, 24 young (24576K), 0 survivors (0K)
 Metaspace       used 10208K, capacity 10423K, committed 10624K, reserved 1058816K
  class space    used 1071K, capacity 1141K, committed 1152K, reserved 1048576K
}
Event: 0.606 GC heap after
{Heap after GC invocations=1 (full 0):
 garbage-first heap   total 258048K, used 9351K [0x0000000080000000, 0x0000000100000000)
  region size 1024K, 3 young (3072K), 3 survivors (3072K)
 Metaspace       used 10208K, capacity 10423K, committed 10624K, reserved 1058816K
  class space    used 1071K, capacity 1141K, committed 1152K, reserved 1048576K
}
Event: 2.269 GC heap before
{Heap before GC invocations=1 (full 0):
 garbage-first heap   total 258048K, used 112775K [0x0000000080000000, 0x0000000100000000)
  region size 1024K, 105 young (107520K), 3 survivors (3072K)
 Metaspace       used 20729K, capacity 21137K, committed 21248K, reserved 1067008K
  class space    used 2551K, capacity 2712K, committed 2816K, reserved 1048576K
}
Event: 2.278 GC heap after
{Heap after GC invocations=2 (full 0):
 garbage-first heap   total 258048K, used 16932K [0x0000000080000000, 0x0000000100000000)
  region size 1024K, 11 young (11264K), 11 survivors (11264K)
 Metaspace       used 20729K, capacity 21137K, committed 21248K, reserved 1067008K
  class space    used 2551K, capacity 2712K, committed 2816K, reserved 1048576K
}
Event: 2.470 GC heap before
{Heap before GC invocations=3 (full 0):
 garbage-first heap   total 258048K, used 43556K [0x0000000080000000, 0x0000000100000000)
  region size 1024K, 37 young (37888K), 11 survivors (11264K)
 Metaspace       used 23172K, capacity 23662K, committed 23936K, reserved 1071104K
  class space    used 2946K, capacity 3133K, committed 3200K, reserved 1048576K
}
Event: 2.476 GC heap after
{Heap after GC invocations=4 (full 0):
 garbage-first heap   total 258048K, used 18401K [0x0000000080000000, 0x0000000100000000)
  region size 1024K, 2 young (2048K), 2 survivors (2048K)
 Metaspace       used 23172K, capacity 23662K, committed 23936K, reserved 1071104K
  class space    used 2946K, capacity 3133K, committed 3200K, reserved 1048576K
}
Event: 3.390 GC heap before
{Heap before GC invocations=4 (full 0):
 garbage-first heap   total 258048K, used 105441K [0x0000000080000000, 0x0000000100000000)
  region size 1024K, 88 young (90112K), 2 survivors (2048K)
 Metaspace       used 35042K, capacity 35802K, committed 35840K, reserved 1081344K
  class space    used 4554K, capacity 4847K, committed 4864K, reserved 1048576K
}
Event: 3.398 GC heap after
{Heap after GC invocations=5 (full 0):
 garbage-first heap   total 258048K, used 22594K [0x0000000080000000, 0x0000000100000000)
  region size 1024K, 6 young (6144K), 6 survivors (6144K)
 Metaspace       used 35042K, capacity 35802K, committed 35840K, reserved 1081344K
  class space    used 4554K, capacity 4847K, committed 4864K, reserved 1048576K
}

