# JRE version: OpenJDK Runtime Environment (11.0.12+7) (build 11.0.12+7-b1504.28-7817840)
# Java VM: OpenJDK 64-Bit Server VM (11.0.12+7-b1504.28-7817840, mixed mode, tiered, compressed oops, g1 gc, windows-amd64)
Heap:
 garbage-first heap   total 729088K, used 289069K [0x0000000080000000, 0x0000000100000000)
  region size 1024K, 3 young (3072K), 3 survivors (3072K)
 Metaspace       used 90140K, capacity 92346K, committed 93816K, reserved 1130496K
  class space    used 11639K, capacity 12467K, committed 12920K, reserved 1048576K
GC Heap History (20 events):
Event: 12.001 GC heap after
{Heap after GC invocations=21 (full 0):
 garbage-first heap   total 287744K, used 195756K [0x0000000080000000, 0x0000000100000000)
  region size 1024K, 4 young (4096K), 4 survivors (4096K)
 Metaspace       used 89917K, capacity 92114K, committed 93560K, reserved 1130496K
  class space    used 11616K, capacity 12433K, committed 12920K, reserved 1048576K
}
Event: 12.122 GC heap before
{Heap before GC invocations=22 (full 0):
 garbage-first heap   total 287744K, used 209068K [0x0000000080000000, 0x0000000100000000)
  region size 1024K, 19 young (19456K), 4 survivors (4096K)
 Metaspace       used 90109K, capacity 92281K, committed 93560K, reserved 1130496K
  class space    used 11638K, capacity 12467K, committed 12920K, reserved 1048576K
}
Event: 12.131 GC heap after
{Heap after GC invocations=23 (full 0):
 garbage-first heap   total 287744K, used 201816K [0x0000000080000000, 0x0000000100000000)
  region size 1024K, 6 young (6144K), 6 survivors (6144K)
 Metaspace       used 90109K, capacity 92281K, committed 93560K, reserved 1130496K
  class space    used 11638K, capacity 12467K, committed 12920K, reserved 1048576K
}
Event: 12.332 GC heap before
{Heap before GC invocations=24 (full 0):
 garbage-first heap   total 287744K, used 233560K [0x0000000080000000, 0x0000000100000000)
  region size 1024K, 30 young (30720K), 6 survivors (6144K)
 Metaspace       used 90136K, capacity 92346K, committed 93816K, reserved 1130496K
  class space    used 11639K, capacity 12467K, committed 12920K, reserved 1048576K
}
Event: 12.367 GC heap after
{Heap after GC invocations=25 (full 0):
 garbage-first heap   total 287744K, used 214923K [0x0000000080000000, 0x0000000100000000)
  region size 1024K, 5 young (5120K), 5 survivors (5120K)
 Metaspace       used 90136K, capacity 92346K, committed 93816K, reserved 1130496K
  class space    used 11639K, capacity 12467K, committed 12920K, reserved 1048576K
}
Event: 12.528 GC heap before
{Heap before GC invocations=25 (full 0):
 garbage-first heap   total 287744K, used 239499K [0x0000000080000000, 0x0000000100000000)
  region size 1024K, 27 young (27648K), 5 survivors (5120K)
 Metaspace       used 90136K, capacity 92346K, committed 93816K, reserved 1130496K
  class space    used 11639K, capacity 12467K, committed 12920K, reserved 1048576K
}
Event: 12.545 GC heap after
{Heap after GC invocations=26 (full 0):
 garbage-first heap   total 287744K, used 226549K [0x0000000080000000, 0x0000000100000000)
  region size 1024K, 4 young (4096K), 4 survivors (4096K)
 Metaspace       used 90136K, capacity 92346K, committed 93816K, reserved 1130496K
  class space    used 11639K, capacity 12467K, committed 12920K, reserved 1048576K
}
Event: 12.615 GC heap before
{Heap before GC invocations=27 (full 0):
 garbage-first heap   total 287744K, used 234741K [0x0000000080000000, 0x0000000100000000)
  region size 1024K, 11 young (11264K), 4 survivors (4096K)
 Metaspace       used 90136K, capacity 92346K, committed 93816K, reserved 1130496K
  class space    used 11639K, capacity 12467K, committed 12920K, reserved 1048576K
}
Event: 12.625 GC heap after
{Heap after GC invocations=28 (full 0):
 garbage-first heap   total 287744K, used 232811K [0x0000000080000000, 0x0000000100000000)
  region size 1024K, 3 young (3072K), 3 survivors (3072K)
 Metaspace       used 90136K, capacity 92346K, committed 93816K, reserved 1130496K
  class space    used 11639K, capacity 12467K, committed 12920K, reserved 1048576K
}
Event: 12.740 GC heap before
{Heap before GC invocations=28 (full 0):
 garbage-first heap   total 287744K, used 247147K [0x0000000080000000, 0x0000000100000000)
  region size 1024K, 14 young (14336K), 3 survivors (3072K)
 Metaspace       used 90137K, capacity 92346K, committed 93816K, reserved 1130496K
  class space    used 11639K, capacity 12467K, committed 12920K, reserved 1048576K
}
Event: 12.751 GC heap after
{Heap after GC invocations=29 (full 0):
 garbage-first heap   total 287744K, used 240033K [0x0000000080000000, 0x0000000100000000)
  region size 1024K, 2 young (2048K), 2 survivors (2048K)
 Metaspace       used 90137K, capacity 92346K, committed 93816K, reserved 1130496K
  class space    used 11639K, capacity 12467K, committed 12920K, reserved 1048576K
}
Event: 12.801 GC heap before
{Heap before GC invocations=29 (full 0):
 garbage-first heap   total 287744K, used 252321K [0x0000000080000000, 0x0000000100000000)
  region size 1024K, 14 young (14336K), 2 survivors (2048K)
 Metaspace       used 90137K, capacity 92346K, committed 93816K, reserved 1130496K
  class space    used 11639K, capacity 12467K, committed 12920K, reserved 1048576K
}
Event: 12.817 GC heap after
{Heap after GC invocations=30 (full 0):
 garbage-first heap   total 387072K, used 246725K [0x0000000080000000, 0x0000000100000000)
  region size 1024K, 2 young (2048K), 2 survivors (2048K)
 Metaspace       used 90137K, capacity 92346K, committed 93816K, reserved 1130496K
  class space    used 11639K, capacity 12467K, committed 12920K, reserved 1048576K
}
Event: 12.850 GC heap before
{Heap before GC invocations=31 (full 0):
 garbage-first heap   total 387072K, used 252869K [0x0000000080000000, 0x0000000100000000)
  region size 1024K, 9 young (9216K), 2 survivors (2048K)
 Metaspace       used 90137K, capacity 92346K, committed 93816K, reserved 1130496K
  class space    used 11639K, capacity 12467K, committed 12920K, reserved 1048576K
}
Event: 12.858 GC heap after
{Heap after GC invocations=32 (full 0):
 garbage-first heap   total 387072K, used 249797K [0x0000000080000000, 0x0000000100000000)
  region size 1024K, 5 young (5120K), 5 survivors (5120K)
 Metaspace       used 90137K, capacity 92346K, committed 93816K, reserved 1130496K
  class space    used 11639K, capacity 12467K, committed 12920K, reserved 1048576K
}
Event: 13.004 GC heap before
{Heap before GC invocations=32 (full 0):
 garbage-first heap   total 387072K, used 289733K [0x0000000080000000, 0x0000000100000000)
  region size 1024K, 40 young (40960K), 5 survivors (5120K)
 Metaspace       used 90137K, capacity 92346K, committed 93816K, reserved 1130496K
  class space    used 11639K, capacity 12467K, committed 12920K, reserved 1048576K
}
Event: 13.032 GC heap after
{Heap after GC invocations=33 (full 0):
 garbage-first heap   total 387072K, used 269679K [0x0000000080000000, 0x0000000100000000)
  region size 1024K, 5 young (5120K), 5 survivors (5120K)
 Metaspace       used 90137K, capacity 92346K, committed 93816K, reserved 1130496K
  class space    used 11639K, capacity 12467K, committed 12920K, reserved 1048576K
}
Event: 13.124 GC heap before
{Heap before GC invocations=34 (full 0):
 garbage-first heap   total 387072K, used 302447K [0x0000000080000000, 0x0000000100000000)
  region size 1024K, 34 young (34816K), 5 survivors (5120K)
 Metaspace       used 90140K, capacity 92346K, committed 93816K, reserved 1130496K
  class space    used 11639K, capacity 12467K, committed 12920K, reserved 1048576K
}
Event: 13.149 GC heap after
{Heap after GC invocations=35 (full 0):
 garbage-first heap   total 387072K, used 285696K [0x0000000080000000, 0x0000000100000000)
  region size 1024K, 5 young (5120K), 5 survivors (5120K)
 Metaspace       used 90140K, capacity 92346K, committed 93816K, reserved 1130496K
  class space    used 11639K, capacity 12467K, committed 12920K, reserved 1048576K
}
Event: 13.165 GC heap before
{Heap before GC invocations=35 (full 0):
 garbage-first heap   total 387072K, used 290816K [0x0000000080000000, 0x0000000100000000)
  region size 1024K, 11 young (11264K), 5 survivors (5120K)
 Metaspace       used 90140K, capacity 92346K, committed 93816K, reserved 1130496K
  class space    used 11639K, capacity 12467K, committed 12920K, reserved 1048576K
}

