# JRE version: OpenJDK Runtime Environment (11.0.12+7) (build 11.0.12+7-b1504.28-7817840)
# Java VM: OpenJDK 64-Bit Server VM (11.0.12+7-b1504.28-7817840, mixed mode, tiered, compressed oops, g1 gc, windows-amd64)
Heap:
 garbage-first heap   total 258048K, used 163850K [0x0000000080000000, 0x0000000100000000)
  region size 1024K, 49 young (50176K), 6 survivors (6144K)
 Metaspace       used 115303K, capacity 118458K, committed 118464K, reserved 1153024K
  class space    used 14695K, capacity 15812K, committed 15812K, reserved 1048576K
GC Heap History (20 events):
Event: 7.609 GC heap before
{Heap before GC invocations=12 (full 0):
 garbage-first heap   total 258048K, used 164401K [0x0000000080000000, 0x0000000100000000)
  region size 1024K, 117 young (119808K), 10 survivors (10240K)
 Metaspace       used 73086K, capacity 74789K, committed 75000K, reserved 1114112K
  class space    used 9497K, capacity 10145K, committed 10232K, reserved 1048576K
}
Event: 7.619 GC heap after
{Heap after GC invocations=13 (full 0):
 garbage-first heap   total 258048K, used 62722K [0x0000000080000000, 0x0000000100000000)
  region size 1024K, 8 young (8192K), 8 survivors (8192K)
 Metaspace       used 73086K, capacity 74789K, committed 75000K, reserved 1114112K
  class space    used 9497K, capacity 10145K, committed 10232K, reserved 1048576K
}
Event: 8.711 GC heap before
{Heap before GC invocations=13 (full 0):
 garbage-first heap   total 258048K, used 173314K [0x0000000080000000, 0x0000000100000000)
  region size 1024K, 117 young (119808K), 8 survivors (8192K)
 Metaspace       used 83375K, capacity 85435K, committed 85624K, reserved 1124352K
  class space    used 10857K, capacity 11621K, committed 11640K, reserved 1048576K
}
Event: 8.723 GC heap after
{Heap after GC invocations=14 (full 0):
 garbage-first heap   total 258048K, used 71666K [0x0000000080000000, 0x0000000100000000)
  region size 1024K, 15 young (15360K), 15 survivors (15360K)
 Metaspace       used 83375K, capacity 85435K, committed 85624K, reserved 1124352K
  class space    used 10857K, capacity 11621K, committed 11640K, reserved 1048576K
}
Event: 9.441 GC heap before
{Heap before GC invocations=14 (full 0):
 garbage-first heap   total 258048K, used 181234K [0x0000000080000000, 0x0000000100000000)
  region size 1024K, 123 young (125952K), 15 survivors (15360K)
 Metaspace       used 86058K, capacity 88585K, committed 88824K, reserved 1126400K
  class space    used 11246K, capacity 12181K, committed 12280K, reserved 1048576K
}
Event: 9.455 GC heap after
{Heap after GC invocations=15 (full 0):
 garbage-first heap   total 258048K, used 79784K [0x0000000080000000, 0x0000000100000000)
  region size 1024K, 8 young (8192K), 8 survivors (8192K)
 Metaspace       used 86058K, capacity 88585K, committed 88824K, reserved 1126400K
  class space    used 11246K, capacity 12181K, committed 12280K, reserved 1048576K
}
Event: 10.457 GC heap before
{Heap before GC invocations=15 (full 0):
 garbage-first heap   total 258048K, used 207784K [0x0000000080000000, 0x0000000100000000)
  region size 1024K, 115 young (117760K), 8 survivors (8192K)
 Metaspace       used 91010K, capacity 93663K, committed 93816K, reserved 1130496K
  class space    used 11842K, capacity 12844K, committed 12920K, reserved 1048576K
}
Event: 10.464 GC heap after
{Heap after GC invocations=16 (full 0):
 garbage-first heap   total 258048K, used 82914K [0x0000000080000000, 0x0000000100000000)
  region size 1024K, 11 young (11264K), 11 survivors (11264K)
 Metaspace       used 91010K, capacity 93663K, committed 93816K, reserved 1130496K
  class space    used 11842K, capacity 12844K, committed 12920K, reserved 1048576K
}
Event: 11.098 GC heap before
{Heap before GC invocations=16 (full 0):
 garbage-first heap   total 258048K, used 192482K [0x0000000080000000, 0x0000000100000000)
  region size 1024K, 119 young (121856K), 11 survivors (11264K)
 Metaspace       used 94763K, capacity 97513K, committed 97784K, reserved 1134592K
  class space    used 12239K, capacity 13271K, committed 13304K, reserved 1048576K
}
Event: 11.109 GC heap after
{Heap after GC invocations=17 (full 0):
 garbage-first heap   total 258048K, used 90225K [0x0000000080000000, 0x0000000100000000)
  region size 1024K, 12 young (12288K), 12 survivors (12288K)
 Metaspace       used 94763K, capacity 97513K, committed 97784K, reserved 1134592K
  class space    used 12239K, capacity 13271K, committed 13304K, reserved 1048576K
}
Event: 11.386 GC heap before
{Heap before GC invocations=17 (full 0):
 garbage-first heap   total 258048K, used 197745K [0x0000000080000000, 0x0000000100000000)
  region size 1024K, 118 young (120832K), 12 survivors (12288K)
 Metaspace       used 96224K, capacity 98859K, committed 99064K, reserved 1134592K
  class space    used 12415K, capacity 13441K, committed 13560K, reserved 1048576K
}
Event: 11.397 GC heap after
{Heap after GC invocations=18 (full 0):
 garbage-first heap   total 258048K, used 95300K [0x0000000080000000, 0x0000000100000000)
  region size 1024K, 6 young (6144K), 6 survivors (6144K)
 Metaspace       used 96224K, capacity 98859K, committed 99064K, reserved 1134592K
  class space    used 12415K, capacity 13441K, committed 13560K, reserved 1048576K
}
Event: 11.589 GC heap before
{Heap before GC invocations=18 (full 0):
 garbage-first heap   total 258048K, used 159812K [0x0000000080000000, 0x0000000100000000)
  region size 1024K, 71 young (72704K), 6 survivors (6144K)
 Metaspace       used 97687K, capacity 100319K, committed 100468K, reserved 1136640K
  class space    used 12602K, capacity 13608K, committed 13688K, reserved 1048576K
}
Event: 11.596 GC heap after
{Heap after GC invocations=19 (full 0):
 garbage-first heap   total 258048K, used 97428K [0x0000000080000000, 0x0000000100000000)
  region size 1024K, 8 young (8192K), 8 survivors (8192K)
 Metaspace       used 97687K, capacity 100319K, committed 100468K, reserved 1136640K
  class space    used 12602K, capacity 13608K, committed 13688K, reserved 1048576K
}
Event: 14.433 GC heap before
{Heap before GC invocations=20 (full 0):
 garbage-first heap   total 258048K, used 203924K [0x0000000080000000, 0x0000000100000000)
  region size 1024K, 113 young (115712K), 8 survivors (8192K)
 Metaspace       used 99551K, capacity 101893K, committed 103104K, reserved 1138688K
  class space    used 12695K, capacity 13590K, committed 14020K, reserved 1048576K
}
Event: 14.446 GC heap after
{Heap after GC invocations=21 (full 0):
 garbage-first heap   total 258048K, used 105128K [0x0000000080000000, 0x0000000100000000)
  region size 1024K, 15 young (15360K), 15 survivors (15360K)
 Metaspace       used 99551K, capacity 101893K, committed 103104K, reserved 1138688K
  class space    used 12695K, capacity 13590K, committed 14020K, reserved 1048576K
}
Event: 17.066 GC heap before
{Heap before GC invocations=22 (full 0):
 garbage-first heap   total 258048K, used 207528K [0x0000000080000000, 0x0000000100000000)
  region size 1024K, 114 young (116736K), 15 survivors (15360K)
 Metaspace       used 106688K, capacity 109173K, committed 109888K, reserved 1144832K
  class space    used 13559K, capacity 14460K, committed 14660K, reserved 1048576K
}
Event: 17.085 GC heap after
{Heap after GC invocations=23 (full 0):
 garbage-first heap   total 258048K, used 124320K [0x0000000080000000, 0x0000000100000000)
  region size 1024K, 15 young (15360K), 15 survivors (15360K)
 Metaspace       used 106688K, capacity 109173K, committed 109888K, reserved 1144832K
  class space    used 13559K, capacity 14460K, committed 14660K, reserved 1048576K
}
Event: 18.009 GC heap before
{Heap before GC invocations=23 (full 0):
 garbage-first heap   total 258048K, used 206240K [0x0000000080000000, 0x0000000100000000)
  region size 1024K, 94 young (96256K), 15 survivors (15360K)
 Metaspace       used 110192K, capacity 112998K, committed 113344K, reserved 1146880K
  class space    used 13941K, capacity 14901K, committed 15044K, reserved 1048576K
}
Event: 18.018 GC heap after
{Heap after GC invocations=24 (full 0):
 garbage-first heap   total 258048K, used 121866K [0x0000000080000000, 0x0000000100000000)
  region size 1024K, 6 young (6144K), 6 survivors (6144K)
 Metaspace       used 110192K, capacity 112998K, committed 113344K, reserved 1146880K
  class space    used 13941K, capacity 14901K, committed 15044K, reserved 1048576K
}

