# JRE version: OpenJDK Runtime Environment (11.0.12+7) (build 11.0.12+7-b1504.28-7817840)
# Java VM: OpenJDK 64-Bit Server VM (11.0.12+7-b1504.28-7817840, mixed mode, tiered, compressed oops, g1 gc, windows-amd64)
Heap:
 garbage-first heap   total 817152K, used 318464K [0x0000000080000000, 0x0000000100000000)
  region size 1024K, 4 young (4096K), 4 survivors (4096K)
 Metaspace       used 92464K, capacity 94814K, committed 95692K, reserved 1132544K
  class space    used 12117K, capacity 13000K, committed 13260K, reserved 1048576K
GC Heap History (20 events):
Event: 10.717 GC heap after
{Heap after GC invocations=21 (full 0):
 garbage-first heap   total 286720K, used 194400K [0x0000000080000000, 0x0000000100000000)
  region size 1024K, 4 young (4096K), 4 survivors (4096K)
 Metaspace       used 89795K, capacity 92098K, committed 93260K, reserved 1130496K
  class space    used 11607K, capacity 12431K, committed 12876K, reserved 1048576K
}
Event: 10.828 GC heap before
{Heap before GC invocations=22 (full 0):
 garbage-first heap   total 286720K, used 211808K [0x0000000080000000, 0x0000000100000000)
  region size 1024K, 22 young (22528K), 4 survivors (4096K)
 Metaspace       used 89990K, capacity 92270K, committed 93516K, reserved 1130496K
  class space    used 11632K, capacity 12467K, committed 12876K, reserved 1048576K
}
Event: 10.834 GC heap after
{Heap after GC invocations=23 (full 0):
 garbage-first heap   total 286720K, used 202736K [0x0000000080000000, 0x0000000100000000)
  region size 1024K, 6 young (6144K), 6 survivors (6144K)
 Metaspace       used 89990K, capacity 92270K, committed 93516K, reserved 1130496K
  class space    used 11632K, capacity 12467K, committed 12876K, reserved 1048576K
}
Event: 11.005 GC heap before
{Heap before GC invocations=24 (full 0):
 garbage-first heap   total 286720K, used 230384K [0x0000000080000000, 0x0000000100000000)
  region size 1024K, 27 young (27648K), 6 survivors (6144K)
 Metaspace       used 90033K, capacity 92335K, committed 93516K, reserved 1130496K
  class space    used 11634K, capacity 12467K, committed 12876K, reserved 1048576K
}
Event: 11.032 GC heap after
{Heap after GC invocations=25 (full 0):
 garbage-first heap   total 286720K, used 213156K [0x0000000080000000, 0x0000000100000000)
  region size 1024K, 5 young (5120K), 5 survivors (5120K)
 Metaspace       used 90033K, capacity 92335K, committed 93516K, reserved 1130496K
  class space    used 11634K, capacity 12467K, committed 12876K, reserved 1048576K
}
Event: 11.122 GC heap before
{Heap before GC invocations=25 (full 0):
 garbage-first heap   total 286720K, used 237732K [0x0000000080000000, 0x0000000100000000)
  region size 1024K, 27 young (27648K), 5 survivors (5120K)
 Metaspace       used 90033K, capacity 92335K, committed 93516K, reserved 1130496K
  class space    used 11634K, capacity 12467K, committed 12876K, reserved 1048576K
}
Event: 11.137 GC heap after
{Heap after GC invocations=26 (full 0):
 garbage-first heap   total 286720K, used 224824K [0x0000000080000000, 0x0000000100000000)
  region size 1024K, 4 young (4096K), 4 survivors (4096K)
 Metaspace       used 90033K, capacity 92335K, committed 93516K, reserved 1130496K
  class space    used 11634K, capacity 12467K, committed 12876K, reserved 1048576K
}
Event: 11.212 GC heap before
{Heap before GC invocations=26 (full 0):
 garbage-first heap   total 286720K, used 246328K [0x0000000080000000, 0x0000000100000000)
  region size 1024K, 20 young (20480K), 4 survivors (4096K)
 Metaspace       used 90033K, capacity 92335K, committed 93516K, reserved 1130496K
  class space    used 11634K, capacity 12467K, committed 12876K, reserved 1048576K
}
Event: 11.226 GC heap after
{Heap after GC invocations=27 (full 0):
 garbage-first heap   total 286720K, used 237263K [0x0000000080000000, 0x0000000100000000)
  region size 1024K, 3 young (3072K), 3 survivors (3072K)
 Metaspace       used 90033K, capacity 92335K, committed 93516K, reserved 1130496K
  class space    used 11634K, capacity 12467K, committed 12876K, reserved 1048576K
}
Event: 11.265 GC heap before
{Heap before GC invocations=28 (full 0):
 garbage-first heap   total 286720K, used 249551K [0x0000000080000000, 0x0000000100000000)
  region size 1024K, 14 young (14336K), 3 survivors (3072K)
 Metaspace       used 90033K, capacity 92335K, committed 93516K, reserved 1130496K
  class space    used 11634K, capacity 12467K, committed 12876K, reserved 1048576K
}
Event: 11.277 GC heap after
{Heap after GC invocations=29 (full 0):
 garbage-first heap   total 286720K, used 244992K [0x0000000080000000, 0x0000000100000000)
  region size 1024K, 2 young (2048K), 2 survivors (2048K)
 Metaspace       used 90033K, capacity 92335K, committed 93516K, reserved 1130496K
  class space    used 11634K, capacity 12467K, committed 12876K, reserved 1048576K
}
Event: 11.315 GC heap before
{Heap before GC invocations=29 (full 0):
 garbage-first heap   total 286720K, used 254208K [0x0000000080000000, 0x0000000100000000)
  region size 1024K, 12 young (12288K), 2 survivors (2048K)
 Metaspace       used 90033K, capacity 92335K, committed 93516K, reserved 1130496K
  class space    used 11634K, capacity 12467K, committed 12876K, reserved 1048576K
}
Event: 11.328 GC heap after
{Heap after GC invocations=30 (full 0):
 garbage-first heap   total 411648K, used 249856K [0x0000000080000000, 0x0000000100000000)
  region size 1024K, 2 young (2048K), 2 survivors (2048K)
 Metaspace       used 90033K, capacity 92335K, committed 93516K, reserved 1130496K
  class space    used 11634K, capacity 12467K, committed 12876K, reserved 1048576K
}
Event: 11.509 GC heap before
{Heap before GC invocations=30 (full 0):
 garbage-first heap   total 411648K, used 295936K [0x0000000080000000, 0x0000000100000000)
  region size 1024K, 44 young (45056K), 2 survivors (2048K)
 Metaspace       used 90033K, capacity 92335K, committed 93516K, reserved 1130496K
  class space    used 11634K, capacity 12467K, committed 12876K, reserved 1048576K
}
Event: 11.536 GC heap after
{Heap after GC invocations=31 (full 0):
 garbage-first heap   total 411648K, used 271865K [0x0000000080000000, 0x0000000100000000)
  region size 1024K, 6 young (6144K), 6 survivors (6144K)
 Metaspace       used 90033K, capacity 92335K, committed 93516K, reserved 1130496K
  class space    used 11634K, capacity 12467K, committed 12876K, reserved 1048576K
}
Event: 11.632 GC heap before
{Heap before GC invocations=32 (full 0):
 garbage-first heap   total 411648K, used 304633K [0x0000000080000000, 0x0000000100000000)
  region size 1024K, 36 young (36864K), 6 survivors (6144K)
 Metaspace       used 90078K, capacity 92335K, committed 93516K, reserved 1130496K
  class space    used 11642K, capacity 12467K, committed 12876K, reserved 1048576K
}
Event: 11.658 GC heap after
{Heap after GC invocations=33 (full 0):
 garbage-first heap   total 411648K, used 287375K [0x0000000080000000, 0x0000000100000000)
  region size 1024K, 6 young (6144K), 6 survivors (6144K)
 Metaspace       used 90078K, capacity 92335K, committed 93516K, reserved 1130496K
  class space    used 11642K, capacity 12467K, committed 12876K, reserved 1048576K
}
Event: 11.919 GC heap before
{Heap before GC invocations=33 (full 0):
 garbage-first heap   total 411648K, used 319119K [0x0000000080000000, 0x0000000100000000)
  region size 1024K, 38 young (38912K), 6 survivors (6144K)
 Metaspace       used 92367K, capacity 94731K, committed 95692K, reserved 1132544K
  class space    used 12117K, capacity 13000K, committed 13260K, reserved 1048576K
}
Event: 11.943 GC heap after
{Heap after GC invocations=34 (full 0):
 garbage-first heap   total 411648K, used 303335K [0x0000000080000000, 0x0000000100000000)
  region size 1024K, 5 young (5120K), 5 survivors (5120K)
 Metaspace       used 92367K, capacity 94731K, committed 95692K, reserved 1132544K
  class space    used 12117K, capacity 13000K, committed 13260K, reserved 1048576K
}
Event: 12.038 GC heap before
{Heap before GC invocations=35 (full 0):
 garbage-first heap   total 411648K, used 330983K [0x0000000080000000, 0x0000000100000000)
  region size 1024K, 32 young (32768K), 5 survivors (5120K)
 Metaspace       used 92464K, capacity 94814K, committed 95692K, reserved 1132544K
  class space    used 12117K, capacity 13000K, committed 13260K, reserved 1048576K
}

